Flow report for MIPS32
Wed Oct 28 00:49:44 2015
Quartus II 64-Bit Version 15.0.0 Build 145 04/22/2015 SJ Web Edition


---------------------
; Table of Contents ;
---------------------
  1. Legal Notice
  2. Flow Summary
  3. Flow Settings
  4. Flow Non-Default Global Settings
  5. Flow Elapsed Time
  6. Flow OS Summary
  7. Flow Log
  8. Flow Messages
  9. Flow Suppressed Messages



----------------
; Legal Notice ;
----------------
Copyright (C) 1991-2015 Altera Corporation. All rights reserved.
Your use of Altera Corporation's design tools, logic functions 
and other software and tools, and its AMPP partner logic 
functions, and any output files from any of the foregoing 
(including device programming or simulation files), and any 
associated documentation or information are expressly subject 
to the terms and conditions of the Altera Program License 
Subscription Agreement, the Altera Quartus II License Agreement,
the Altera MegaCore Function License Agreement, or other 
applicable license agreement, including, without limitation, 
that your use is for the sole purpose of programming logic 
devices manufactured by Altera and sold by Altera or its 
authorized distributors.  Please refer to the applicable 
agreement for further details.



+---------------------------------------------------------------------------------+
; Flow Summary                                                                    ;
+------------------------------------+--------------------------------------------+
; Flow Status                        ; Successful - Wed Oct 28 00:49:44 2015      ;
; Quartus II 64-Bit Version          ; 15.0.0 Build 145 04/22/2015 SJ Web Edition ;
; Revision Name                      ; MIPS32                                     ;
; Top-level Entity Name              ; adder                                      ;
; Family                             ; Cyclone IV E                               ;
; Total logic elements               ; 32 / 6,272 ( < 1 % )                       ;
;     Total combinational functions  ; 32 / 6,272 ( < 1 % )                       ;
;     Dedicated logic registers      ; 0 / 6,272 ( 0 % )                          ;
; Total registers                    ; 0                                          ;
; Total pins                         ; 96 / 180 ( 53 % )                          ;
; Total virtual pins                 ; 0                                          ;
; Total memory bits                  ; 0 / 276,480 ( 0 % )                        ;
; Embedded Multiplier 9-bit elements ; 0 / 30 ( 0 % )                             ;
; Total PLLs                         ; 0 / 2 ( 0 % )                              ;
; Device                             ; EP4CE6F17C6                                ;
; Timing Models                      ; Final                                      ;
+------------------------------------+--------------------------------------------+


+-----------------------------------------+
; Flow Settings                           ;
+-------------------+---------------------+
; Option            ; Setting             ;
+-------------------+---------------------+
; Start date & time ; 10/28/2015 00:48:58 ;
; Main task         ; Compilation         ;
; Revision Name     ; MIPS32              ;
+-------------------+---------------------+


+---------------------------------------------------------------------------------------------------------------------+
; Flow Non-Default Global Settings                                                                                    ;
+-------------------------------------+--------------------------------+---------------+-------------+----------------+
; Assignment Name                     ; Value                          ; Default Value ; Entity Name ; Section Id     ;
+-------------------------------------+--------------------------------+---------------+-------------+----------------+
; COMPILER_SIGNATURE_ID               ; 84573312619883.144601133804640 ; --            ; --          ; --             ;
; EDA_OUTPUT_DATA_FORMAT              ; Vhdl                           ; --            ; --          ; eda_simulation ;
; EDA_SIMULATION_TOOL                 ; ModelSim-Altera (VHDL)         ; <None>        ; --          ; --             ;
; PARTITION_COLOR                     ; 16764057                       ; --            ; adder       ; Top            ;
; PARTITION_FITTER_PRESERVATION_LEVEL ; PLACEMENT_AND_ROUTING          ; --            ; adder       ; Top            ;
; PARTITION_NETLIST_TYPE              ; SOURCE                         ; --            ; adder       ; Top            ;
; PROJECT_OUTPUT_DIRECTORY            ; output_files                   ; --            ; --          ; --             ;
; TOP_LEVEL_ENTITY                    ; adder                          ; MIPS32        ; --          ; --             ;
+-------------------------------------+--------------------------------+---------------+-------------+----------------+


+-------------------------------------------------------------------------------------------------------------------------------+
; Flow Elapsed Time                                                                                                             ;
+---------------------------+--------------+-------------------------+---------------------+------------------------------------+
; Module Name               ; Elapsed Time ; Average Processors Used ; Peak Virtual Memory ; Total CPU Time (on all processors) ;
+---------------------------+--------------+-------------------------+---------------------+------------------------------------+
; Analysis & Synthesis      ; 00:00:22     ; 1.0                     ; 632 MB              ; 00:00:44                           ;
; Fitter                    ; 00:00:07     ; 1.0                     ; 928 MB              ; 00:00:07                           ;
; Assembler                 ; 00:00:01     ; 1.0                     ; 597 MB              ; 00:00:01                           ;
; TimeQuest Timing Analyzer ; 00:00:04     ; 1.0                     ; 675 MB              ; 00:00:03                           ;
; EDA Netlist Writer        ; 00:00:01     ; 1.0                     ; 567 MB              ; 00:00:01                           ;
; Total                     ; 00:00:35     ; --                      ; --                  ; 00:00:56                           ;
+---------------------------+--------------+-------------------------+---------------------+------------------------------------+


+----------------------------------------------------------------------------------------+
; Flow OS Summary                                                                        ;
+---------------------------+------------------+-----------+------------+----------------+
; Module Name               ; Machine Hostname ; OS Name   ; OS Version ; Processor type ;
+---------------------------+------------------+-----------+------------+----------------+
; Analysis & Synthesis      ; MININT-162ESKB   ; Windows 7 ; 6.1        ; x86_64         ;
; Fitter                    ; MININT-162ESKB   ; Windows 7 ; 6.1        ; x86_64         ;
; Assembler                 ; MININT-162ESKB   ; Windows 7 ; 6.1        ; x86_64         ;
; TimeQuest Timing Analyzer ; MININT-162ESKB   ; Windows 7 ; 6.1        ; x86_64         ;
; EDA Netlist Writer        ; MININT-162ESKB   ; Windows 7 ; 6.1        ; x86_64         ;
+---------------------------+------------------+-----------+------------+----------------+


------------
; Flow Log ;
------------
quartus_map --read_settings_files=on --write_settings_files=off MIPS32 -c MIPS32
quartus_fit --read_settings_files=off --write_settings_files=off MIPS32 -c MIPS32
quartus_asm --read_settings_files=off --write_settings_files=off MIPS32 -c MIPS32
quartus_sta MIPS32 -c MIPS32
quartus_eda --read_settings_files=off --write_settings_files=off MIPS32 -c MIPS32



